Warning: /usr/lib/sqoop/../accumulo does not exist! Accumulo imports will fail.
Please set $ACCUMULO_HOME to the root of your Accumulo installation.
23/04/20 14:08:35 INFO sqoop.Sqoop: Running Sqoop version: 1.4.6-cdh5.13.0
23/04/20 14:08:35 WARN tool.BaseSqoopTool: Setting your password on the command-line is insecure. Consider using -P instead.
23/04/20 14:08:35 INFO manager.MySQLManager: Preparing to use a MySQL streaming resultset.
23/04/20 14:08:35 INFO tool.CodeGenTool: Beginning code generation
23/04/20 14:08:36 INFO manager.SqlManager: Executing SQL statement: SELECT t.* FROM `event_ids` AS t LIMIT 1
23/04/20 14:08:36 INFO manager.SqlManager: Executing SQL statement: SELECT t.* FROM `event_ids` AS t LIMIT 1
23/04/20 14:08:36 INFO orm.CompilationManager: HADOOP_MAPRED_HOME is /usr/lib/hadoop-mapreduce
Note: /tmp/sqoop-cloudera/compile/248987950875203f948fd61782bf3ddf/event_ids.java uses or overrides a deprecated API.
Note: Recompile with -Xlint:deprecation for details.
23/04/20 14:08:37 INFO orm.CompilationManager: Writing jar file: /tmp/sqoop-cloudera/compile/248987950875203f948fd61782bf3ddf/event_ids.jar
23/04/20 14:08:37 WARN manager.MySQLManager: It looks like you are importing from mysql.
23/04/20 14:08:37 WARN manager.MySQLManager: This transfer can be faster! Use the --direct
23/04/20 14:08:37 WARN manager.MySQLManager: option to exercise a MySQL-specific fast path.
23/04/20 14:08:37 INFO manager.MySQLManager: Setting zero DATETIME behavior to convertToNull (mysql)
23/04/20 14:08:37 INFO mapreduce.ImportJobBase: Beginning import of event_ids
23/04/20 14:08:37 INFO Configuration.deprecation: mapred.job.tracker is deprecated. Instead, use mapreduce.jobtracker.address
23/04/20 14:08:38 INFO Configuration.deprecation: mapred.jar is deprecated. Instead, use mapreduce.job.jar
23/04/20 14:08:38 INFO Configuration.deprecation: mapred.map.tasks is deprecated. Instead, use mapreduce.job.maps
23/04/20 14:08:38 INFO client.RMProxy: Connecting to ResourceManager at /0.0.0.0:8032
23/04/20 14:08:40 WARN hdfs.DFSClient: Caught exception
java.lang.InterruptedException
	at java.lang.Object.wait(Native Method)
	at java.lang.Thread.join(Thread.java:1281)
	at java.lang.Thread.join(Thread.java:1355)
	at org.apache.hadoop.hdfs.DFSOutputStream$DataStreamer.closeResponder(DFSOutputStream.java:967)
	at org.apache.hadoop.hdfs.DFSOutputStream$DataStreamer.endBlock(DFSOutputStream.java:705)
	at org.apache.hadoop.hdfs.DFSOutputStream$DataStreamer.run(DFSOutputStream.java:894)
23/04/20 14:08:41 INFO db.DBInputFormat: Using read commited transaction isolation
23/04/20 14:08:41 INFO db.DataDrivenDBInputFormat: BoundingValsQuery: SELECT MIN(`id`), MAX(`id`) FROM `event_ids`
23/04/20 14:08:41 INFO db.IntegerSplitter: Split size: 719; Num splits: 4 from: 9 to: 2885
23/04/20 14:08:41 INFO mapreduce.JobSubmitter: number of splits:4
23/04/20 14:08:42 INFO mapreduce.JobSubmitter: Submitting tokens for job: job_1682013543627_0002
23/04/20 14:08:42 INFO impl.YarnClientImpl: Submitted application application_1682013543627_0002
23/04/20 14:08:42 INFO mapreduce.Job: The url to track the job: http://quickstart.cloudera:8088/proxy/application_1682013543627_0002/
23/04/20 14:08:42 INFO mapreduce.Job: Running job: job_1682013543627_0002
23/04/20 14:08:49 INFO mapreduce.Job: Job job_1682013543627_0002 running in uber mode : false
23/04/20 14:08:49 INFO mapreduce.Job:  map 0% reduce 0%
23/04/20 14:08:57 INFO mapreduce.Job:  map 25% reduce 0%
23/04/20 14:08:59 INFO mapreduce.Job:  map 50% reduce 0%
23/04/20 14:09:00 INFO mapreduce.Job:  map 75% reduce 0%
23/04/20 14:09:01 INFO mapreduce.Job:  map 100% reduce 0%
23/04/20 14:09:01 INFO mapreduce.Job: Job job_1682013543627_0002 completed successfully
23/04/20 14:09:01 INFO mapreduce.Job: Counters: 31
	File System Counters
		FILE: Number of bytes read=0
		FILE: Number of bytes written=686116
		FILE: Number of read operations=0
		FILE: Number of large read operations=0
		FILE: Number of write operations=0
		HDFS: Number of bytes read=412
		HDFS: Number of bytes written=89733
		HDFS: Number of read operations=16
		HDFS: Number of large read operations=0
		HDFS: Number of write operations=8
	Job Counters
		Killed map tasks=1
		Launched map tasks=4
		Other local map tasks=4
		Total time spent by all maps in occupied slots (ms)=23132
		Total time spent by all reduces in occupied slots (ms)=0
		Total time spent by all map tasks (ms)=23132
		Total vcore-milliseconds taken by all map tasks=23132
		Total megabyte-milliseconds taken by all map tasks=23687168
	Map-Reduce Framework
		Map input records=1777
		Map output records=1777
		Input split bytes=412
		Spilled Records=0
		Failed Shuffles=0
		Merged Map outputs=0
		GC time elapsed (ms)=299
		CPU time spent (ms)=3760
		Physical memory (bytes) snapshot=903925760
		Virtual memory (bytes) snapshot=6312386560
		Total committed heap usage (bytes)=887095296
	File Input Format Counters
		Bytes Read=0
	File Output Format Counters
		Bytes Written=89733
23/04/20 14:09:01 INFO mapreduce.ImportJobBase: Transferred 87.6299 KB in 23.098 seconds (3.7938 KB/sec)
23/04/20 14:09:01 INFO mapreduce.ImportJobBase: Retrieved 1777 records.


The number of records match that in mysql

mysql> select count(*) from event_ids;
+----------+
| count(*) |
+----------+
|     1777 |
+----------+
1 row in set (0.00 sec)