Please set $ACCUMULO_HOME to the root of your Accumulo installation.
23/04/20 14:28:39 INFO sqoop.Sqoop: Running Sqoop version: 1.4.6-cdh5.13.0
23/04/20 14:28:39 WARN tool.BaseSqoopTool: Setting your password on the command-line is insecure. Consider using -P instead.
23/04/20 14:28:39 INFO manager.MySQLManager: Preparing to use a MySQL streaming resultset.
23/04/20 14:28:39 INFO tool.CodeGenTool: Beginning code generation
23/04/20 14:28:39 INFO manager.SqlManager: Executing SQL statement: SELECT t.* FROM `match_events` AS t LIMIT 1
23/04/20 14:28:39 INFO manager.SqlManager: Executing SQL statement: SELECT t.* FROM `match_events` AS t LIMIT 1
23/04/20 14:28:39 INFO orm.CompilationManager: HADOOP_MAPRED_HOME is /usr/lib/hadoop-mapreduce
Note: /tmp/sqoop-cloudera/compile/18e498c1c3794ea37bbc4b1735d46b48/match_events.java uses or overrides a deprecated API.
Note: Recompile with -Xlint:deprecation for details.
23/04/20 14:28:41 INFO orm.CompilationManager: Writing jar file: /tmp/sqoop-cloudera/compile/18e498c1c3794ea37bbc4b1735d46b48/match_events.jar
23/04/20 14:28:41 WARN manager.MySQLManager: It looks like you are importing from mysql.
23/04/20 14:28:41 WARN manager.MySQLManager: This transfer can be faster! Use the --direct
23/04/20 14:28:41 WARN manager.MySQLManager: option to exercise a MySQL-specific fast path.
23/04/20 14:28:41 INFO manager.MySQLManager: Setting zero DATETIME behavior to convertToNull (mysql)
23/04/20 14:28:41 INFO mapreduce.ImportJobBase: Beginning import of match_events
23/04/20 14:28:41 INFO Configuration.deprecation: mapred.job.tracker is deprecated. Instead, use mapreduce.jobtracker.address
23/04/20 14:28:42 INFO Configuration.deprecation: mapred.jar is deprecated. Instead, use mapreduce.job.jar
23/04/20 14:28:43 INFO Configuration.deprecation: mapred.map.tasks is deprecated. Instead, use mapreduce.job.maps
23/04/20 14:28:43 INFO client.RMProxy: Connecting to ResourceManager at /0.0.0.0:8032
23/04/20 14:28:45 INFO db.DBInputFormat: Using read commited transaction isolation
23/04/20 14:28:45 INFO db.DataDrivenDBInputFormat: BoundingValsQuery: SELECT MIN(`match_title`), MAX(`match_title`) FROM `match_events`
23/04/20 14:28:45 WARN db.TextSplitter: Generating splits for a textual index column.
23/04/20 14:28:45 WARN db.TextSplitter: If your database sorts in a case-insensitive order, this may result in a partial import or duplicate records.
23/04/20 14:28:45 WARN db.TextSplitter: You are strongly encouraged to choose an integral split column.
23/04/20 14:28:46 INFO mapreduce.JobSubmitter: number of splits:6
23/04/20 14:28:46 INFO mapreduce.JobSubmitter: Submitting tokens for job: job_1682013543627_0005
23/04/20 14:28:46 INFO impl.YarnClientImpl: Submitted application application_1682013543627_0005
23/04/20 14:28:46 INFO mapreduce.Job: The url to track the job: http://quickstart.cloudera:8088/proxy/application_1682013543627_0005/
23/04/20 14:28:46 INFO mapreduce.Job: Running job: job_1682013543627_0005
23/04/20 14:28:53 INFO mapreduce.Job: Job job_1682013543627_0005 running in uber mode : false
23/04/20 14:28:53 INFO mapreduce.Job:  map 0% reduce 0%
23/04/20 14:29:04 INFO mapreduce.Job:  map 17% reduce 0%
23/04/20 14:29:07 INFO mapreduce.Job:  map 33% reduce 0%
23/04/20 14:29:08 INFO mapreduce.Job:  map 50% reduce 0%
23/04/20 14:29:09 INFO mapreduce.Job:  map 67% reduce 0%
23/04/20 14:29:10 INFO mapreduce.Job:  map 100% reduce 0%
23/04/20 14:29:11 INFO mapreduce.Job: Job job_1682013543627_0005 completed successfully
23/04/20 14:29:11 INFO mapreduce.Job: Counters: 31
	File System Counters
		FILE: Number of bytes read=0
		FILE: Number of bytes written=1029330
		FILE: Number of read operations=0
		FILE: Number of large read operations=0
		FILE: Number of write operations=0
		HDFS: Number of bytes read=963
		HDFS: Number of bytes written=1409069
		HDFS: Number of read operations=24
		HDFS: Number of large read operations=0
		HDFS: Number of write operations=12
	Job Counters
		Killed map tasks=1
		Launched map tasks=6
		Other local map tasks=6
		Total time spent by all maps in occupied slots (ms)=56993
		Total time spent by all reduces in occupied slots (ms)=0
		Total time spent by all map tasks (ms)=56993
		Total vcore-milliseconds taken by all map tasks=56993
		Total megabyte-milliseconds taken by all map tasks=58360832
	Map-Reduce Framework
		Map input records=22199
		Map output records=22199
		Input split bytes=963
		Spilled Records=0
		Failed Shuffles=0
		Merged Map outputs=0
		GC time elapsed (ms)=538
		CPU time spent (ms)=8190
		Physical memory (bytes) snapshot=1398226944
		Virtual memory (bytes) snapshot=9381666816
		Total committed heap usage (bytes)=1330642944
	File Input Format Counters
		Bytes Read=0
	File Output Format Counters
		Bytes Written=1409069
23/04/20 14:29:11 INFO mapreduce.ImportJobBase: Transferred 1.3438 MB in 28.225 seconds (48.7527 KB/sec)
23/04/20 14:29:11 INFO mapreduce.ImportJobBase: Retrieved 22199 records.

mysql> select count(*) from match_events;
+----------+
| count(*) |
+----------+
|    22199 |
+----------+
1 row in set (0.13 sec