Warning: /usr/lib/sqoop/../accumulo does not exist! Accumulo imports will fail.
Please set $ACCUMULO_HOME to the root of your Accumulo installation.
23/04/20 14:35:17 INFO sqoop.Sqoop: Running Sqoop version: 1.4.6-cdh5.13.0
23/04/20 14:35:18 WARN tool.BaseSqoopTool: Setting your password on the command-line is insecure. Consider using -P instead.
23/04/20 14:35:18 INFO manager.MySQLManager: Preparing to use a MySQL streaming resultset.
23/04/20 14:35:18 INFO tool.CodeGenTool: Beginning code generation
23/04/20 14:35:18 INFO manager.SqlManager: Executing SQL statement: SELECT t.* FROM `match_results` AS t LIMIT 1
23/04/20 14:35:19 INFO manager.SqlManager: Executing SQL statement: SELECT t.* FROM `match_results` AS t LIMIT 1
23/04/20 14:35:19 INFO orm.CompilationManager: HADOOP_MAPRED_HOME is /usr/lib/hadoop-mapreduce
Note: /tmp/sqoop-cloudera/compile/3b6ce171033630c110899bfd731a76a7/match_results.java uses or overrides a deprecated API.
Note: Recompile with -Xlint:deprecation for details.
23/04/20 14:35:21 INFO orm.CompilationManager: Writing jar file: /tmp/sqoop-cloudera/compile/3b6ce171033630c110899bfd731a76a7/match_results.jar
23/04/20 14:35:21 WARN manager.MySQLManager: It looks like you are importing from mysql.
23/04/20 14:35:21 WARN manager.MySQLManager: This transfer can be faster! Use the --direct
23/04/20 14:35:21 WARN manager.MySQLManager: option to exercise a MySQL-specific fast path.
23/04/20 14:35:21 INFO manager.MySQLManager: Setting zero DATETIME behavior to convertToNull (mysql)
23/04/20 14:35:21 INFO mapreduce.ImportJobBase: Beginning import of match_results
23/04/20 14:35:21 INFO Configuration.deprecation: mapred.job.tracker is deprecated. Instead, use mapreduce.jobtracker.address
23/04/20 14:35:21 INFO Configuration.deprecation: mapred.jar is deprecated. Instead, use mapreduce.job.jar
23/04/20 14:35:22 INFO Configuration.deprecation: mapred.map.tasks is deprecated. Instead, use mapreduce.job.maps
23/04/20 14:35:22 INFO client.RMProxy: Connecting to ResourceManager at /0.0.0.0:8032
23/04/20 14:35:24 INFO db.DBInputFormat: Using read commited transaction isolation
23/04/20 14:35:24 INFO mapreduce.JobSubmitter: number of splits:1
23/04/20 14:35:25 INFO mapreduce.JobSubmitter: Submitting tokens for job: job_1682013543627_0006
23/04/20 14:35:26 INFO impl.YarnClientImpl: Submitted application application_1682013543627_0006
23/04/20 14:35:26 INFO mapreduce.Job: The url to track the job: http://quickstart.cloudera:8088/proxy/application_1682013543627_0006/
23/04/20 14:35:26 INFO mapreduce.Job: Running job: job_1682013543627_0006
23/04/20 14:35:32 INFO mapreduce.Job: Job job_1682013543627_0006 running in uber mode : false
23/04/20 14:35:32 INFO mapreduce.Job:  map 0% reduce 0%
23/04/20 14:35:39 INFO mapreduce.Job:  map 100% reduce 0%
23/04/20 14:35:40 INFO mapreduce.Job: Job job_1682013543627_0006 completed successfully
23/04/20 14:35:40 INFO mapreduce.Job: Counters: 30
	File System Counters
		FILE: Number of bytes read=0
		FILE: Number of bytes written=171388
		FILE: Number of read operations=0
		FILE: Number of large read operations=0
		FILE: Number of write operations=0
		HDFS: Number of bytes read=87
		HDFS: Number of bytes written=3249129
		HDFS: Number of read operations=4
		HDFS: Number of large read operations=0
		HDFS: Number of write operations=2
	Job Counters
		Launched map tasks=1
		Other local map tasks=1
		Total time spent by all maps in occupied slots (ms)=4291
		Total time spent by all reduces in occupied slots (ms)=0
		Total time spent by all map tasks (ms)=4291
		Total vcore-milliseconds taken by all map tasks=4291
		Total megabyte-milliseconds taken by all map tasks=4393984
	Map-Reduce Framework
		Map input records=30038
		Map output records=30038
		Input split bytes=87
		Spilled Records=0
		Failed Shuffles=0
		Merged Map outputs=0
		GC time elapsed (ms)=72
		CPU time spent (ms)=2790
		Physical memory (bytes) snapshot=269991936
		Virtual memory (bytes) snapshot=1586339840
		Total committed heap usage (bytes)=224395264
	File Input Format Counters
		Bytes Read=0
	File Output Format Counters
		Bytes Written=3249129
23/04/20 14:35:40 INFO mapreduce.ImportJobBase: Transferred 3.0986 MB in 18.2319 seconds (174.0346 KB/sec)
23/04/20 14:35:40 INFO mapreduce.ImportJobBase: Retrieved 30038 records.

The number of records match

mysql> select count(*) from match_results;
+----------+
| count(*) |
+----------+
|    30038 |
+----------+
1 row in set (0.01 sec)
