Warning: /usr/lib/sqoop/../accumulo does not exist! Accumulo imports will fail.
Please set $ACCUMULO_HOME to the root of your Accumulo installation.
23/04/20 14:03:43 INFO sqoop.Sqoop: Running Sqoop version: 1.4.6-cdh5.13.0
23/04/20 14:03:43 WARN tool.BaseSqoopTool: Setting your password on the command-line is insecure. Consider using -P instead.
23/04/20 14:03:44 INFO manager.MySQLManager: Preparing to use a MySQL streaming resultset.
23/04/20 14:03:44 INFO tool.CodeGenTool: Beginning code generation
23/04/20 14:03:44 INFO manager.SqlManager: Executing SQL statement: SELECT t.* FROM `match_lineups` AS t LIMIT 1
23/04/20 14:03:44 INFO manager.SqlManager: Executing SQL statement: SELECT t.* FROM `match_lineups` AS t LIMIT 1
23/04/20 14:03:44 INFO orm.CompilationManager: HADOOP_MAPRED_HOME is /usr/lib/hadoop-mapreduce
Note: /tmp/sqoop-cloudera/compile/2374f6c8c3caf85a60f5b5691e116fba/match_lineups.java uses or overrides a deprecated API.
Note: Recompile with -Xlint:deprecation for details.
23/04/20 14:03:46 INFO orm.CompilationManager: Writing jar file: /tmp/sqoop-cloudera/compile/2374f6c8c3caf85a60f5b5691e116fba/match_lineups.jar
23/04/20 14:03:46 WARN manager.MySQLManager: It looks like you are importing from mysql.
23/04/20 14:03:46 WARN manager.MySQLManager: This transfer can be faster! Use the --direct
23/04/20 14:03:46 WARN manager.MySQLManager: option to exercise a MySQL-specific fast path.
23/04/20 14:03:46 INFO manager.MySQLManager: Setting zero DATETIME behavior to convertToNull (mysql)
23/04/20 14:03:46 INFO mapreduce.ImportJobBase: Beginning import of match_lineups
23/04/20 14:03:46 INFO Configuration.deprecation: mapred.job.tracker is deprecated. Instead, use mapreduce.jobtracker.address
23/04/20 14:03:46 INFO Configuration.deprecation: mapred.jar is deprecated. Instead, use mapreduce.job.jar
23/04/20 14:03:47 INFO Configuration.deprecation: mapred.map.tasks is deprecated. Instead, use mapreduce.job.maps
23/04/20 14:03:47 INFO client.RMProxy: Connecting to ResourceManager at /0.0.0.0:8032
23/04/20 14:03:49 INFO db.DBInputFormat: Using read commited transaction isolation
23/04/20 14:03:49 INFO db.DataDrivenDBInputFormat: BoundingValsQuery: SELECT MIN(`matchId`), MAX(`matchId`) FROM `match_lineups`
23/04/20 14:03:49 WARN db.TextSplitter: Generating splits for a textual index column.
23/04/20 14:03:49 WARN db.TextSplitter: If your database sorts in a case-insensitive order, this may result in a partial import or duplicate records.
23/04/20 14:03:49 WARN db.TextSplitter: You are strongly encouraged to choose an integral split column.
23/04/20 14:03:49 INFO mapreduce.JobSubmitter: number of splits:6
23/04/20 14:03:50 INFO mapreduce.JobSubmitter: Submitting tokens for job: job_1682013543627_0001
23/04/20 14:03:51 INFO impl.YarnClientImpl: Submitted application application_1682013543627_0001
23/04/20 14:03:51 INFO mapreduce.Job: The url to track the job: http://quickstart.cloudera:8088/proxy/application_1682013543627_0001/
23/04/20 14:03:51 INFO mapreduce.Job: Running job: job_1682013543627_0001
23/04/20 14:03:59 INFO mapreduce.Job: Job job_1682013543627_0001 running in uber mode : false
23/04/20 14:03:59 INFO mapreduce.Job:  map 0% reduce 0%
23/04/20 14:04:07 INFO mapreduce.Job:  map 17% reduce 0%
23/04/20 14:04:10 INFO mapreduce.Job:  map 33% reduce 0%
23/04/20 14:04:12 INFO mapreduce.Job:  map 50% reduce 0%
23/04/20 14:04:15 INFO mapreduce.Job:  map 100% reduce 0%
23/04/20 14:04:16 INFO mapreduce.Job: Job job_1682013543627_0001 completed successfully
23/04/20 14:04:16 INFO mapreduce.Job: Counters: 31
	File System Counters
		FILE: Number of bytes read=0
		FILE: Number of bytes written=1028874
		FILE: Number of read operations=0
		FILE: Number of large read operations=0
		FILE: Number of write operations=0
		HDFS: Number of bytes read=917
		HDFS: Number of bytes written=2318914
		HDFS: Number of read operations=24
		HDFS: Number of large read operations=0
		HDFS: Number of write operations=12
	Job Counters
		Killed map tasks=1
		Launched map tasks=6
		Other local map tasks=6
		Total time spent by all maps in occupied slots (ms)=53422
		Total time spent by all reduces in occupied slots (ms)=0
		Total time spent by all map tasks (ms)=53422
		Total vcore-milliseconds taken by all map tasks=53422
		Total megabyte-milliseconds taken by all map tasks=54704128
	Map-Reduce Framework
		Map input records=21215
		Map output records=21215
		Input split bytes=917
		Spilled Records=0
		Failed Shuffles=0
		Merged Map outputs=0
		GC time elapsed (ms)=536
		CPU time spent (ms)=7440
		Physical memory (bytes) snapshot=1308409856
		Virtual memory (bytes) snapshot=9416609792
		Total committed heap usage (bytes)=1331691520
	File Input Format Counters
		Bytes Read=0
	File Output Format Counters
		Bytes Written=2318914
23/04/20 14:04:16 INFO mapreduce.ImportJobBase: Transferred 2.2115 MB in 29.3011 seconds (77.286 KB/sec)
23/04/20 14:04:16 INFO mapreduce.ImportJobBase: Retrieved 21215 records.

The number of records match the count in mysql

mysql> select count(*) from match_lineups;
+----------+
| count(*) |
+----------+
|    21215 |
+----------+
1 row in set (0.00 sec)
