Please set $ACCUMULO_HOME to the root of your Accumulo installation.
23/04/20 12:34:28 INFO sqoop.Sqoop: Running Sqoop version: 1.4.6-cdh5.13.0
23/04/20 12:34:28 WARN tool.BaseSqoopTool: Setting your password on the command-line is insecure. Consider using -P instead.
23/04/20 12:34:29 INFO manager.MySQLManager: Preparing to use a MySQL streaming resultset.
23/04/20 12:34:29 INFO tool.CodeGenTool: Beginning code generation
23/04/20 12:34:29 INFO manager.SqlManager: Executing SQL statement: SELECT t.* FROM `players` AS t LIMIT 1
23/04/20 12:34:29 INFO manager.SqlManager: Executing SQL statement: SELECT t.* FROM `players` AS t LIMIT 1
23/04/20 12:34:29 INFO orm.CompilationManager: HADOOP_MAPRED_HOME is /usr/lib/hadoop-mapreduce
Note: /tmp/sqoop-cloudera/compile/6b2843df42a6ac0b545f2f2f893cc21f/players.java uses or overrides a deprecated API.
Note: Recompile with -Xlint:deprecation for details.
23/04/20 12:34:31 INFO orm.CompilationManager: Writing jar file: /tmp/sqoop-cloudera/compile/6b2843df42a6ac0b545f2f2f893cc21f/players.jar
23/04/20 12:34:31 WARN manager.MySQLManager: It looks like you are importing from mysql.
23/04/20 12:34:31 WARN manager.MySQLManager: This transfer can be faster! Use the --direct
23/04/20 12:34:31 WARN manager.MySQLManager: option to exercise a MySQL-specific fast path.
23/04/20 12:34:31 INFO manager.MySQLManager: Setting zero DATETIME behavior to convertToNull (mysql)
23/04/20 12:34:31 INFO mapreduce.ImportJobBase: Beginning import of players
23/04/20 12:34:31 INFO Configuration.deprecation: mapred.job.tracker is deprecated. Instead, use mapreduce.jobtracker.address
23/04/20 12:34:31 INFO Configuration.deprecation: mapred.jar is deprecated. Instead, use mapreduce.job.jar
23/04/20 12:34:32 INFO Configuration.deprecation: mapred.map.tasks is deprecated. Instead, use mapreduce.job.maps
23/04/20 12:34:32 INFO client.RMProxy: Connecting to ResourceManager at /0.0.0.0:8032
23/04/20 12:34:35 INFO db.DBInputFormat: Using read commited transaction isolation
23/04/20 12:34:35 INFO db.DataDrivenDBInputFormat: BoundingValsQuery: SELECT MIN(`id`), MAX(`id`) FROM `players`
23/04/20 12:34:35 INFO db.IntegerSplitter: Split size: 3574; Num splits: 4 from: 1 to: 14297
23/04/20 12:34:35 INFO mapreduce.JobSubmitter: number of splits:4
23/04/20 12:34:35 INFO mapreduce.JobSubmitter: Submitting tokens for job: job_1682002357198_0001
23/04/20 12:34:36 INFO impl.YarnClientImpl: Submitted application application_1682002357198_0001
23/04/20 12:34:36 INFO mapreduce.Job: The url to track the job: http://quickstart.cloudera:8088/proxy/application_1682002357198_0001/
23/04/20 12:34:36 INFO mapreduce.Job: Running job: job_1682002357198_0001
23/04/20 12:34:44 INFO mapreduce.Job: Job job_1682002357198_0001 running in uber mode : false
23/04/20 12:34:44 INFO mapreduce.Job:  map 0% reduce 0%
23/04/20 12:34:52 INFO mapreduce.Job:  map 25% reduce 0%
23/04/20 12:34:54 INFO mapreduce.Job:  map 50% reduce 0%
23/04/20 12:34:55 INFO mapreduce.Job:  map 75% reduce 0%
23/04/20 12:34:56 INFO mapreduce.Job:  map 100% reduce 0%
23/04/20 12:34:56 INFO mapreduce.Job: Job job_1682002357198_0001 completed successfully
23/04/20 12:34:56 INFO mapreduce.Job: Counters: 30
	File System Counters
		FILE: Number of bytes read=0
		FILE: Number of bytes written=685424
		FILE: Number of read operations=0
		FILE: Number of large read operations=0
		FILE: Number of write operations=0
		HDFS: Number of bytes read=417
		HDFS: Number of bytes written=303327
		HDFS: Number of read operations=16
		HDFS: Number of large read operations=0
		HDFS: Number of write operations=8
	Job Counters
		Launched map tasks=4
		Other local map tasks=4
		Total time spent by all maps in occupied slots (ms)=24386
		Total time spent by all reduces in occupied slots (ms)=0
		Total time spent by all map tasks (ms)=24386
		Total vcore-milliseconds taken by all map tasks=24386
		Total megabyte-milliseconds taken by all map tasks=24971264
	Map-Reduce Framework
		Map input records=14171
		Map output records=14171
		Input split bytes=417
		Spilled Records=0
		Failed Shuffles=0
		Merged Map outputs=0
		GC time elapsed (ms)=241
		CPU time spent (ms)=4950
		Physical memory (bytes) snapshot=901287936
		Virtual memory (bytes) snapshot=6272040960
		Total committed heap usage (bytes)=887095296
	File Input Format Counters
		Bytes Read=0
	File Output Format Counters
		Bytes Written=303327
23/04/20 12:34:56 INFO mapreduce.ImportJobBase: Transferred 296.2178 KB in 24.6564 seconds (12.0138 KB/sec)
23/04/20 12:34:56 INFO mapreduce.ImportJobBase: Retrieved 14171 records.

mysql> select count(*) from players;
+----------+
| count(*) |
+----------+
|    14171 |
+----------+
1 row in set (0.00 sec)
