Warning: /usr/lib/sqoop/../accumulo does not exist! Accumulo imports will fail.
Please set $ACCUMULO_HOME to the root of your Accumulo installation.
23/04/20 12:58:30 INFO sqoop.Sqoop: Running Sqoop version: 1.4.6-cdh5.13.0
23/04/20 12:58:30 WARN tool.BaseSqoopTool: Setting your password on the command-line is insecure. Consider using -P instead.
23/04/20 12:58:30 INFO manager.MySQLManager: Preparing to use a MySQL streaming resultset.
23/04/20 12:58:30 INFO tool.CodeGenTool: Beginning code generation
23/04/20 12:58:30 INFO manager.SqlManager: Executing SQL statement: SELECT t.* FROM `player_stats` AS t LIMIT 1
23/04/20 12:58:30 INFO manager.SqlManager: Executing SQL statement: SELECT t.* FROM `player_stats` AS t LIMIT 1
23/04/20 12:58:30 INFO orm.CompilationManager: HADOOP_MAPRED_HOME is /usr/lib/hadoop-mapreduce
Note: /tmp/sqoop-cloudera/compile/32be7a71589a97f890b6b009c74ae3c4/player_stats.java uses or overrides a deprecated API.
Note: Recompile with -Xlint:deprecation for details.
23/04/20 12:58:32 INFO orm.CompilationManager: Writing jar file: /tmp/sqoop-cloudera/compile/32be7a71589a97f890b6b009c74ae3c4/player_stats.jar
23/04/20 12:58:32 WARN manager.MySQLManager: It looks like you are importing from mysql.
23/04/20 12:58:32 WARN manager.MySQLManager: This transfer can be faster! Use the --direct
23/04/20 12:58:32 WARN manager.MySQLManager: option to exercise a MySQL-specific fast path.
23/04/20 12:58:32 INFO manager.MySQLManager: Setting zero DATETIME behavior to convertToNull (mysql)
23/04/20 12:58:32 INFO mapreduce.ImportJobBase: Beginning import of player_stats
23/04/20 12:58:32 INFO Configuration.deprecation: mapred.job.tracker is deprecated. Instead, use mapreduce.jobtracker.address
23/04/20 12:58:32 INFO Configuration.deprecation: mapred.jar is deprecated. Instead, use mapreduce.job.jar
23/04/20 12:58:33 INFO Configuration.deprecation: mapred.map.tasks is deprecated. Instead, use mapreduce.job.maps
23/04/20 12:58:33 INFO client.RMProxy: Connecting to ResourceManager at /0.0.0.0:8032
23/04/20 12:58:35 INFO db.DBInputFormat: Using read commited transaction isolation
23/04/20 12:58:35 INFO mapreduce.JobSubmitter: number of splits:1
23/04/20 12:58:36 INFO mapreduce.JobSubmitter: Submitting tokens for job: job_1682002357198_0005
23/04/20 12:58:36 INFO impl.YarnClientImpl: Submitted application application_1682002357198_0005
23/04/20 12:58:36 INFO mapreduce.Job: The url to track the job: http://quickstart.cloudera:8088/proxy/application_1682002357198_0005/
23/04/20 12:58:36 INFO mapreduce.Job: Running job: job_1682002357198_0005
23/04/20 12:58:42 INFO mapreduce.Job: Job job_1682002357198_0005 running in uber mode : false
23/04/20 12:58:42 INFO mapreduce.Job:  map 0% reduce 0%
23/04/20 12:58:49 INFO mapreduce.Job:  map 100% reduce 0%
23/04/20 12:58:49 INFO mapreduce.Job: Job job_1682002357198_0005 completed successfully
23/04/20 12:58:50 INFO mapreduce.Job: Counters: 30
	File System Counters
		FILE: Number of bytes read=0
		FILE: Number of bytes written=171265
		FILE: Number of read operations=0
		FILE: Number of large read operations=0
		FILE: Number of write operations=0
		HDFS: Number of bytes read=87
		HDFS: Number of bytes written=24975097
		HDFS: Number of read operations=4
		HDFS: Number of large read operations=0
		HDFS: Number of write operations=2
	Job Counters
		Launched map tasks=1
		Other local map tasks=1
		Total time spent by all maps in occupied slots (ms)=4577
		Total time spent by all reduces in occupied slots (ms)=0
		Total time spent by all map tasks (ms)=4577
		Total vcore-milliseconds taken by all map tasks=4577
		Total megabyte-milliseconds taken by all map tasks=4686848
	Map-Reduce Framework
		Map input records=271480
		Map output records=271480
		Input split bytes=87
		Spilled Records=0
		Failed Shuffles=0
		Merged Map outputs=0
		GC time elapsed (ms)=80
		CPU time spent (ms)=2980
		Physical memory (bytes) snapshot=404393984
		Virtual memory (bytes) snapshot=1576366080
		Total committed heap usage (bytes)=348127232
	File Input Format Counters
		Bytes Read=0
	File Output Format Counters
		Bytes Written=24975097
23/04/20 12:58:50 INFO mapreduce.ImportJobBase: Transferred 23.8181 MB iin 16.7558 seconds (1.4215 MB/sec)
23/04/20 12:58:50 INFO mapreduce.ImportJobBase: Retrieved 271480 records.

The counts match with mysql

mysql> select count(*) from player_stats;
+----------+
| count(*) |
+----------+
|   271480 |
+----------+
1 row in set (0.21 sec)
