Warning: /usr/lib/sqoop/../accumulo does not exist! Accumulo imports will fail.
Please set $ACCUMULO_HOME to the root of your Accumulo installation.
23/04/20 12:37:54 INFO sqoop.Sqoop: Running Sqoop version: 1.4.6-cdh5.13.0
23/04/20 12:37:55 WARN tool.BaseSqoopTool: Setting your password on the command-line is insecure. Consider using -P instead.
23/04/20 12:37:55 INFO manager.MySQLManager: Preparing to use a MySQL streaming resultset.
23/04/20 12:37:55 INFO tool.CodeGenTool: Beginning code generation
23/04/20 12:37:55 INFO manager.SqlManager: Executing SQL statement: SELECT t.* FROM `teams` AS t LIMIT 1
23/04/20 12:37:55 INFO manager.SqlManager: Executing SQL statement: SELECT t.* FROM `teams` AS t LIMIT 1
23/04/20 12:37:55 INFO orm.CompilationManager: HADOOP_MAPRED_HOME is /usr/lib/hadoop-mapreduce
Note: /tmp/sqoop-cloudera/compile/0f5a986db72f798996bc81b8f3b81c11/teams.java uses or overrides a deprecated API.
Note: Recompile with -Xlint:deprecation for details.
23/04/20 12:37:57 INFO orm.CompilationManager: Writing jar file: /tmp/sqoop-cloudera/compile/0f5a986db72f798996bc81b8f3b81c11/teams.jar
23/04/20 12:37:57 WARN manager.MySQLManager: It looks like you are importing from mysql.
23/04/20 12:37:57 WARN manager.MySQLManager: This transfer can be faster! Use the --direct
23/04/20 12:37:57 WARN manager.MySQLManager: option to exercise a MySQL-specific fast path.
23/04/20 12:37:57 INFO manager.MySQLManager: Setting zero DATETIME behavior to convertToNull (mysql)
23/04/20 12:37:57 INFO mapreduce.ImportJobBase: Beginning import of teams
23/04/20 12:37:57 INFO Configuration.deprecation: mapred.job.tracker is deprecated. Instead, use mapreduce.jobtracker.address
23/04/20 12:37:57 INFO Configuration.deprecation: mapred.jar is deprecated. Instead, use mapreduce.job.jar
23/04/20 12:37:58 INFO Configuration.deprecation: mapred.map.tasks is deprecated. Instead, use mapreduce.job.maps
23/04/20 12:37:58 INFO client.RMProxy: Connecting to ResourceManager at /0.0.0.0:8032
23/04/20 12:38:00 INFO db.DBInputFormat: Using read commited transaction isolation
23/04/20 12:38:00 INFO db.DataDrivenDBInputFormat: BoundingValsQuery: SELECT MIN(`id`), MAX(`id`) FROM `teams`
23/04/20 12:38:00 INFO db.IntegerSplitter: Split size: 1993; Num splits: 4 from: 1 to: 7975
23/04/20 12:38:00 INFO mapreduce.JobSubmitter: number of splits:4
23/04/20 12:38:00 INFO mapreduce.JobSubmitter: Submitting tokens for job: job_1682002357198_0002
23/04/20 12:38:00 INFO impl.YarnClientImpl: Submitted application application_1682002357198_0002
23/04/20 12:38:00 INFO mapreduce.Job: The url to track the job: http://quickstart.cloudera:8088/proxy/application_1682002357198_0002/
23/04/20 12:38:00 INFO mapreduce.Job: Running job: job_1682002357198_0002
23/04/20 12:38:08 INFO mapreduce.Job: Job job_1682002357198_0002 running in uber mode : false
23/04/20 12:38:08 INFO mapreduce.Job:  map 0% reduce 0%
23/04/20 12:38:16 INFO mapreduce.Job:  map 25% reduce 0%
23/04/20 12:38:18 INFO mapreduce.Job:  map 75% reduce 0%
23/04/20 12:38:19 INFO mapreduce.Job:  map 100% reduce 0%
23/04/20 12:38:20 INFO mapreduce.Job: Job job_1682002357198_0002 completed successfully
23/04/20 12:38:20 INFO mapreduce.Job: Counters: 31
	File System Counters
		FILE: Number of bytes read=0
		FILE: Number of bytes written=685384
		FILE: Number of read operations=0
		FILE: Number of large read operations=0
		FILE: Number of write operations=0
		HDFS: Number of bytes read=414
		HDFS: Number of bytes written=178365
		HDFS: Number of read operations=16
		HDFS: Number of large read operations=0
		HDFS: Number of write operations=8
	Job Counters
		Killed map tasks=1
		Launched map tasks=4
		Other local map tasks=4
		Total time spent by all maps in occupied slots (ms)=26870
		Total time spent by all reduces in occupied slots (ms)=0
		Total time spent by all map tasks (ms)=26870
		Total vcore-milliseconds taken by all map tasks=26870
		Total megabyte-milliseconds taken by all map tasks=27514880
	Map-Reduce Framework
		Map input records=7897
		Map output records=7897
		Input split bytes=414
		Spilled Records=0
		Failed Shuffles=0
		Merged Map outputs=0
		GC time elapsed (ms)=298
		CPU time spent (ms)=4650
		Physical memory (bytes) snapshot=866766848
		Virtual memory (bytes) snapshot=6247321600
		Total committed heap usage (bytes)=887095296
	File Input Format Counters
		Bytes Read=0
	File Output Format Counters
		Bytes Written=178365
23/04/20 12:38:20 INFO mapreduce.ImportJobBase: Transferred 174.1846 KB in 22.2165 seconds (7.8403 KB/sec)
23/04/20 12:38:20 INFO mapreduce.ImportJobBase: Retrieved 7897 records



The above count matches with the count in mysql

mysql> select count(*) from teams;
+----------+
| count(*) |
+----------+
|     7897 |
+----------+
1 row in set (0.00 sec)
